<?xml version="1.0" encoding="UTF-8"?>
<!-- Generated by org.testng.reporters.JUnitReportReporter -->
<testsuite hostname="DESKTOP-I9RL5TD" failures="0" tests="4" name="Com_GNG_TestCases_User.Tc_004_ProductPage" time="114.209" errors="0" timestamp="2025-10-06T16:18:29 IST" skipped="0">
  <testcase classname="Com_GNG_TestCases_User.Tc_004_ProductPage" name="Productpage" time="4.509"/>
  <testcase classname="Com_GNG_TestCases_User.Tc_004_ProductPage" name="Home_Functionalityes" time="57.091"/>
  <testcase classname="Com_GNG_TestCases_User.Tc_004_ProductPage" name="shopPage" time="44.363"/>
  <testcase classname="Com_GNG_TestCases_User.Tc_004_ProductPage" name="Groc_UserLogin" time="8.246"/>
</testsuite> <!-- Com_GNG_TestCases_User.Tc_004_ProductPage -->
