<?xml version="1.0" encoding="UTF-8"?>
<!-- Generated by org.testng.reporters.JUnitReportReporter -->
<testsuite hostname="DESKTOP-I9RL5TD" failures="0" tests="6" name="Com_GNG_TestCases_User.Tc_006_OrdePlaced" time="160.072" errors="0" timestamp="2025-10-27T11:23:41 IST" skipped="0">
  <testcase classname="Com_GNG_TestCases_User.Tc_006_OrdePlaced" name="shopPage" time="47.982"/>
  <testcase classname="Com_GNG_TestCases_User.Tc_006_OrdePlaced" name="CheckoutProduct" time="32.040"/>
  <testcase classname="Com_GNG_TestCases_User.Tc_006_OrdePlaced" name="Home_Functionalityes" time="57.877"/>
  <testcase classname="Com_GNG_TestCases_User.Tc_006_OrdePlaced" name="CShipping" time="1.019"/>
  <testcase classname="Com_GNG_TestCases_User.Tc_006_OrdePlaced" name="Groc_UserLogin" time="16.491"/>
  <testcase classname="Com_GNG_TestCases_User.Tc_006_OrdePlaced" name="Productpage" time="4.663"/>
</testsuite> <!-- Com_GNG_TestCases_User.Tc_006_OrdePlaced -->
