<?xml version="1.0" encoding="UTF-8"?>
<!-- Generated by org.testng.reporters.JUnitReportReporter -->
<testsuite hostname="DESKTOP-I9RL5TD" failures="0" tests="2" name="Com_GNG_TestCases_Admin.Tc_002_PagesPage" time="17.311" errors="0" timestamp="2025-10-06T16:19:40 IST" skipped="0">
  <testcase classname="Com_GNG_TestCases_Admin.Tc_002_PagesPage" name="testing" time="5.039"/>
  <testcase classname="Com_GNG_TestCases_Admin.Tc_002_PagesPage" name="createTest" time="12.272"/>
</testsuite> <!-- Com_GNG_TestCases_Admin.Tc_002_PagesPage -->
