<?xml version="1.0" encoding="UTF-8"?>
<!-- Generated by org.testng.reporters.JUnitReportReporter -->
<testsuite hostname="DESKTOP-I9RL5TD" failures="0" tests="4" name="Com_GNG_TestCases_User.Tc_004_ProductPage" time="143.673" errors="0" timestamp="2025-10-06T14:48:23 IST" skipped="0">
  <testcase classname="Com_GNG_TestCases_User.Tc_004_ProductPage" name="Productpage" time="4.546"/>
  <testcase classname="Com_GNG_TestCases_User.Tc_004_ProductPage" name="Home_Functionalityes" time="58.061"/>
  <testcase classname="Com_GNG_TestCases_User.Tc_004_ProductPage" name="shopPage" time="72.064"/>
  <testcase classname="Com_GNG_TestCases_User.Tc_004_ProductPage" name="Groc_UserLogin" time="9.002"/>
</testsuite> <!-- Com_GNG_TestCases_User.Tc_004_ProductPage -->
