<?xml version="1.0" encoding="UTF-8"?>
<!-- Generated by org.testng.reporters.JUnitReportReporter -->
<testsuite hostname="Ajaykorada" failures="0" tests="3" name="Com_GNG_TestCases_Admin.Tc_003_blog" time="44.322" errors="0" timestamp="2025-10-13T17:19:53 IST" skipped="0">
  <testcase classname="Com_GNG_TestCases_Admin.Tc_003_blog" name="testing" time="6.246"/>
  <testcase classname="Com_GNG_TestCases_Admin.Tc_003_blog" name="createTest" time="13.139"/>
  <testcase classname="Com_GNG_TestCases_Admin.Tc_003_blog" name="blogTest" time="24.937"/>
</testsuite> <!-- Com_GNG_TestCases_Admin.Tc_003_blog -->
