<?xml version="1.0" encoding="UTF-8"?>
<!-- Generated by org.testng.reporters.JUnitReportReporter -->
<testsuite hostname="DESKTOP-I9RL5TD" failures="0" tests="3" name="Com_GNG_TestCases_User.Tc_003_ShopPage" time="98.135" errors="0" timestamp="2025-09-29T16:21:09 IST" skipped="0">
  <testcase classname="Com_GNG_TestCases_User.Tc_003_ShopPage" name="Home_Functionalityes" time="86.179"/>
  <testcase classname="Com_GNG_TestCases_User.Tc_003_ShopPage" name="Groc_UserLogin" time="7.988"/>
  <testcase classname="Com_GNG_TestCases_User.Tc_003_ShopPage" name="shopPage" time="3.968"/>
</testsuite> <!-- Com_GNG_TestCases_User.Tc_003_ShopPage -->
