<?xml version="1.0" encoding="UTF-8"?>
<!-- Generated by org.testng.reporters.JUnitReportReporter -->
<testsuite hostname="DESKTOP-I9RL5TD" failures="0" tests="2" name="Com_GNG_TestCases_User.Tc_002_HomePage" time="94.279" errors="0" timestamp="2025-09-29T15:24:15 IST" skipped="0">
  <testcase classname="Com_GNG_TestCases_User.Tc_002_HomePage" name="Home_Functionalityes" time="86.179"/>
  <testcase classname="Com_GNG_TestCases_User.Tc_002_HomePage" name="Groc_UserLogin" time="8.100"/>
</testsuite> <!-- Com_GNG_TestCases_User.Tc_002_HomePage -->
