<?xml version="1.0" encoding="UTF-8"?>
<!-- Generated by org.testng.reporters.JUnitReportReporter -->
<testsuite hostname="DESKTOP-I9RL5TD" failures="0" tests="3" name="Com_GNG_TestCases_Admin.Tc_003_blog" time="40.135" errors="0" timestamp="2025-10-21T20:39:35 IST" skipped="0">
  <testcase classname="Com_GNG_TestCases_Admin.Tc_003_blog" name="testing" time="4.623"/>
  <testcase classname="Com_GNG_TestCases_Admin.Tc_003_blog" name="blogTest" time="25.216"/>
  <testcase classname="Com_GNG_TestCases_Admin.Tc_003_blog" name="createTest" time="10.296"/>
</testsuite> <!-- Com_GNG_TestCases_Admin.Tc_003_blog -->
