<?xml version="1.0" encoding="UTF-8"?>
<!-- Generated by org.testng.reporters.JUnitReportReporter -->
<testsuite hostname="DESKTOP-I9RL5TD" failures="0" tests="5" name="Com_GNG_TestCases_User.Tc_005_CheckoutPage" time="140.745" errors="0" timestamp="2025-10-21T22:13:36 IST" skipped="0">
  <testcase classname="Com_GNG_TestCases_User.Tc_005_CheckoutPage" name="CheckoutProduct" time="26.793"/>
  <testcase classname="Com_GNG_TestCases_User.Tc_005_CheckoutPage" name="Home_Functionalityes" time="55.670"/>
  <testcase classname="Com_GNG_TestCases_User.Tc_005_CheckoutPage" name="shopPage" time="44.977"/>
  <testcase classname="Com_GNG_TestCases_User.Tc_005_CheckoutPage" name="Groc_UserLogin" time="8.832"/>
  <testcase classname="Com_GNG_TestCases_User.Tc_005_CheckoutPage" name="Productpage" time="4.473"/>
</testsuite> <!-- Com_GNG_TestCases_User.Tc_005_CheckoutPage -->
