<?xml version="1.0" encoding="UTF-8"?>
<!-- Generated by org.testng.reporters.JUnitReportReporter -->
<testsuite hostname="DESKTOP-I9RL5TD" failures="0" tests="1" name="Com_GNG_TestCases_User.Tc_001_LoginPage" time="7.485" errors="0" timestamp="2025-09-25T16:24:20 IST" skipped="0">
  <testcase classname="Com_GNG_TestCases_User.Tc_001_LoginPage" name="Groc_UserLogin" time="7.485"/>
</testsuite> <!-- Com_GNG_TestCases_User.Tc_001_LoginPage -->
