<?xml version="1.0" encoding="UTF-8"?>
<!-- Generated by org.testng.reporters.JUnitReportReporter -->
<testsuite hostname="DESKTOP-I9RL5TD" failures="0" tests="5" name="Com_GNG_TestCases_User.Tc_005_CheckoutPage" time="172.912" errors="0" timestamp="2025-10-21T16:29:24 IST" skipped="0">
  <testcase classname="Com_GNG_TestCases_User.Tc_005_CheckoutPage" name="Home_Functionalityes" time="85.949"/>
  <testcase classname="Com_GNG_TestCases_User.Tc_005_CheckoutPage" name="Productpage" time="4.762"/>
  <testcase classname="Com_GNG_TestCases_User.Tc_005_CheckoutPage" name="CheckoutProduct" time="28.782"/>
  <testcase classname="Com_GNG_TestCases_User.Tc_005_CheckoutPage" name="Groc_UserLogin" time="8.110"/>
  <testcase classname="Com_GNG_TestCases_User.Tc_005_CheckoutPage" name="shopPage" time="45.309"/>
</testsuite> <!-- Com_GNG_TestCases_User.Tc_005_CheckoutPage -->
