<?xml version="1.0" encoding="UTF-8"?>
<!-- Generated by org.testng.reporters.JUnitReportReporter -->
<testsuite hostname="DESKTOP-I9RL5TD" failures="0" tests="5" name="Com_GNG_TestCases_User.Tc_005_CheckoutPage" time="121.590" errors="0" timestamp="2025-10-21T20:39:35 IST" skipped="0">
  <testcase classname="Com_GNG_TestCases_User.Tc_005_CheckoutPage" name="CheckoutProduct" time="8.152"/>
  <testcase classname="Com_GNG_TestCases_User.Tc_005_CheckoutPage" name="Groc_UserLogin" time="7.848"/>
  <testcase classname="Com_GNG_TestCases_User.Tc_005_CheckoutPage" name="Home_Functionalityes" time="56.171"/>
  <testcase classname="Com_GNG_TestCases_User.Tc_005_CheckoutPage" name="shopPage" time="44.747"/>
  <testcase classname="Com_GNG_TestCases_User.Tc_005_CheckoutPage" name="Productpage" time="4.672"/>
</testsuite> <!-- Com_GNG_TestCases_User.Tc_005_CheckoutPage -->
