<?xml version="1.0" encoding="UTF-8"?>
<!-- Generated by org.testng.reporters.JUnitReportReporter -->
<testsuite hostname="DESKTOP-PH1G4TL" failures="0" tests="2" name="Com_GNG_TestCases_User.Tc_002_PagesPage" time="31.875" errors="0" timestamp="2025-09-29T12:03:17 IST" skipped="0">
  <testcase classname="Com_GNG_TestCases_User.Tc_002_PagesPage" name="testing" time="12.764"/>
  <testcase classname="Com_GNG_TestCases_User.Tc_002_PagesPage" name="createTest" time="19.111"/>
</testsuite> <!-- Com_GNG_TestCases_User.Tc_002_PagesPage -->
