<?xml version="1.0" encoding="UTF-8"?>
<!-- Generated by org.testng.reporters.JUnitReportReporter -->
<testsuite hostname="DESKTOP-I9RL5TD" failures="0" tests="2" name="Com_GNG_TestCases_User.Tc_002_HomePage" time="93.498" errors="0" timestamp="2025-09-25T16:42:12 IST" skipped="0">
  <testcase classname="Com_GNG_TestCases_User.Tc_002_HomePage" name="Home_Functionalityes" time="86.202"/>
  <testcase classname="Com_GNG_TestCases_User.Tc_002_HomePage" name="Groc_UserLogin" time="7.296"/>
</testsuite> <!-- Com_GNG_TestCases_User.Tc_002_HomePage -->
