<?xml version="1.0" encoding="UTF-8"?>
<!-- Generated by org.testng.reporters.JUnitReportReporter -->
<testsuite hostname="DESKTOP-PH1G4TL" failures="0" tests="2" name="Com_GNG_TestCases_Admin.Tc_002_PagesPage" time="30.968" errors="0" timestamp="2025-09-29T12:09:49 IST" skipped="0">
  <testcase classname="Com_GNG_TestCases_Admin.Tc_002_PagesPage" name="createTest" time="24.090"/>
  <testcase classname="Com_GNG_TestCases_Admin.Tc_002_PagesPage" name="testing" time="6.878"/>
</testsuite> <!-- Com_GNG_TestCases_Admin.Tc_002_PagesPage -->
