<?xml version="1.0" encoding="UTF-8"?>
<!-- Generated by org.testng.reporters.JUnitReportReporter -->
<testsuite hostname="DESKTOP-I9RL5TD" failures="0" tests="7" name="Com_GNG_TestCases_User.Tc_007_Groc_Stores" time="167.368" errors="0" timestamp="2025-10-28T17:06:18 IST" skipped="0">
  <testcase classname="Com_GNG_TestCases_User.Tc_007_Groc_Stores" name="shopPage" time="45.073"/>
  <testcase classname="Com_GNG_TestCases_User.Tc_007_Groc_Stores" name="GrocStores" time="13.342"/>
  <testcase classname="Com_GNG_TestCases_User.Tc_007_Groc_Stores" name="Home_Functionalityes" time="62.149"/>
  <testcase classname="Com_GNG_TestCases_User.Tc_007_Groc_Stores" name="Productpage" time="4.393"/>
  <testcase classname="Com_GNG_TestCases_User.Tc_007_Groc_Stores" name="Groc_UserLogin" time="10.470"/>
  <testcase classname="Com_GNG_TestCases_User.Tc_007_Groc_Stores" name="CShipping" time="0.796"/>
  <testcase classname="Com_GNG_TestCases_User.Tc_007_Groc_Stores" name="CheckoutProduct" time="31.145"/>
</testsuite> <!-- Com_GNG_TestCases_User.Tc_007_Groc_Stores -->
