<?xml version="1.0" encoding="UTF-8"?>
<!-- Generated by org.testng.reporters.JUnitReportReporter -->
<testsuite hostname="DESKTOP-I9RL5TD" failures="0" tests="6" name="Com_GNG_TestCases_User.Tc_006_OrdePlaced" time="146.137" errors="0" timestamp="2025-10-28T10:35:04 IST" skipped="0">
  <testcase classname="Com_GNG_TestCases_User.Tc_006_OrdePlaced" name="shopPage" time="44.285"/>
  <testcase classname="Com_GNG_TestCases_User.Tc_006_OrdePlaced" name="Productpage" time="4.400"/>
  <testcase classname="Com_GNG_TestCases_User.Tc_006_OrdePlaced" name="Groc_UserLogin" time="9.004"/>
  <testcase classname="Com_GNG_TestCases_User.Tc_006_OrdePlaced" name="CShipping" time="0.862"/>
  <testcase classname="Com_GNG_TestCases_User.Tc_006_OrdePlaced" name="CheckoutProduct" time="32.385"/>
  <testcase classname="Com_GNG_TestCases_User.Tc_006_OrdePlaced" name="Home_Functionalityes" time="55.201"/>
</testsuite> <!-- Com_GNG_TestCases_User.Tc_006_OrdePlaced -->
