<?xml version="1.0" encoding="UTF-8"?>
<!-- Generated by org.testng.reporters.JUnitReportReporter -->
<testsuite hostname="DESKTOP-I9RL5TD" failures="0" tests="5" name="Com_GNG_TestCases_User.Tc_005_CheckoutPage" time="177.363" errors="0" timestamp="2025-10-22T17:05:10 IST" skipped="0">
  <testcase classname="Com_GNG_TestCases_User.Tc_005_CheckoutPage" name="Home_Functionalityes" time="88.292"/>
  <testcase classname="Com_GNG_TestCases_User.Tc_005_CheckoutPage" name="Productpage" time="4.412"/>
  <testcase classname="Com_GNG_TestCases_User.Tc_005_CheckoutPage" name="CheckoutProduct" time="30.820"/>
  <testcase classname="Com_GNG_TestCases_User.Tc_005_CheckoutPage" name="Groc_UserLogin" time="8.860"/>
  <testcase classname="Com_GNG_TestCases_User.Tc_005_CheckoutPage" name="shopPage" time="44.979"/>
</testsuite> <!-- Com_GNG_TestCases_User.Tc_005_CheckoutPage -->
