<?xml version="1.0" encoding="UTF-8"?>
<!-- Generated by org.testng.reporters.JUnitReportReporter -->
<testsuite hostname="Ajaykorada" failures="0" tests="5" name="Com_GNG_TestCases_Admin.Tc_005_Tags" time="57.605" errors="0" timestamp="2025-10-27T16:16:13 IST" skipped="0">
  <testcase classname="Com_GNG_TestCases_Admin.Tc_005_Tags" name="testing" time="5.468"/>
  <testcase classname="Com_GNG_TestCases_Admin.Tc_005_Tags" name="categoryTest" time="14.592"/>
  <testcase classname="Com_GNG_TestCases_Admin.Tc_005_Tags" name="createTest" time="9.636"/>
  <testcase classname="Com_GNG_TestCases_Admin.Tc_005_Tags" name="blogTest" time="24.059"/>
  <testcase classname="Com_GNG_TestCases_Admin.Tc_005_Tags" name="tagsTest" time="3.850"/>
</testsuite> <!-- Com_GNG_TestCases_Admin.Tc_005_Tags -->
