<?xml version="1.0" encoding="UTF-8"?>
<!-- Generated by org.testng.reporters.JUnitReportReporter -->
<testsuite hostname="DESKTOP-I9RL5TD" failures="0" tests="6" name="Com_GNG_TestCases_User.Tc_006_OrdePlaced" time="176.792" errors="0" timestamp="2025-10-23T14:28:48 IST" skipped="0">
  <testcase classname="Com_GNG_TestCases_User.Tc_006_OrdePlaced" name="shopPage" time="44.731"/>
  <testcase classname="Com_GNG_TestCases_User.Tc_006_OrdePlaced" name="CheckoutProduct" time="58.070"/>
  <testcase classname="Com_GNG_TestCases_User.Tc_006_OrdePlaced" name="Home_Functionalityes" time="59.205"/>
  <testcase classname="Com_GNG_TestCases_User.Tc_006_OrdePlaced" name="CShipping" time="1.397"/>
  <testcase classname="Com_GNG_TestCases_User.Tc_006_OrdePlaced" name="Groc_UserLogin" time="8.970"/>
  <testcase classname="Com_GNG_TestCases_User.Tc_006_OrdePlaced" name="Productpage" time="4.419"/>
</testsuite> <!-- Com_GNG_TestCases_User.Tc_006_OrdePlaced -->
