<?xml version="1.0" encoding="UTF-8"?>
<!-- Generated by org.testng.reporters.JUnitReportReporter -->
<testsuite hostname="DESKTOP-I9RL5TD" failures="0" tests="3" name="Com_GNG_TestCases_User.Tc_003_ShopPage" time="120.636" errors="0" timestamp="2025-09-30T15:51:11 IST" skipped="0">
  <testcase classname="Com_GNG_TestCases_User.Tc_003_ShopPage" name="shopPage" time="43.785"/>
  <testcase classname="Com_GNG_TestCases_User.Tc_003_ShopPage" name="Groc_UserLogin" time="10.647"/>
  <testcase classname="Com_GNG_TestCases_User.Tc_003_ShopPage" name="Home_Functionalityes" time="66.204"/>
</testsuite> <!-- Com_GNG_TestCases_User.Tc_003_ShopPage -->
